<?xml version="1.0" encoding="UTF-8"?>
<!-- Generated by org.testng.reporters.JUnitReportReporter -->
<testsuite hostname="DESKTOP-OQ3P6LF" failures="0" tests="1" name="testScenarios.TestCases" time="11.221" errors="0" timestamp="26 Jan 2024 17:15:13 GMT" skipped="0">
  <testcase classname="testScenarios.TestCases" name="bookTicketAndPrint" time="11.221"/>
</testsuite> <!-- testScenarios.TestCases -->
