<?xml version="1.0" encoding="UTF-8"?>
<!-- Generated by org.testng.reporters.JUnitReportReporter -->
<testsuite hostname="DESKTOP-OQ3P6LF" failures="0" tests="1" name="testScenarios.TestCases" time="8.658" errors="0" timestamp="27 Jan 2024 16:47:05 GMT" skipped="0">
  <testcase classname="testScenarios.TestCases" name="bookTicketAndPrint" time="8.658"/>
</testsuite> <!-- testScenarios.TestCases -->
