<?xml version="1.0" encoding="UTF-8"?>
<!-- Generated by org.testng.reporters.JUnitReportReporter -->
<testsuite hostname="DESKTOP-OQ3P6LF" failures="0" tests="2" name="practiceTestNG.PracticeTestNG" time="0.033" errors="0" timestamp="27 Jan 2024 17:06:25 GMT" skipped="0">
  <testcase classname="practiceTestNG.PracticeTestNG" name="bookCar" time="0.021"/>
  <testcase classname="practiceTestNG.PracticeTestNG" name="bookFlight" time="0.012"/>
</testsuite> <!-- practiceTestNG.PracticeTestNG -->
