<?xml version="1.0" encoding="UTF-8"?>
<!-- Generated by org.testng.reporters.JUnitReportReporter -->
<testsuite hostname="DESKTOP-OQ3P6LF" failures="0" tests="3" name="practiceTestNG.TestNGPractice" time="0.022" errors="0" timestamp="27 Jan 2024 17:15:53 GMT" skipped="0">
  <testcase classname="practiceTestNG.TestNGPractice" name="replyMail" time="0.003"/>
  <testcase classname="practiceTestNG.TestNGPractice" name="deleteMail" time="0.004"/>
  <testcase classname="practiceTestNG.TestNGPractice" name="sendMail" time="0.015"/>
</testsuite> <!-- practiceTestNG.TestNGPractice -->
