<?xml version="1.0" encoding="UTF-8"?>
<!-- Generated by org.testng.reporters.JUnitReportReporter -->
<testsuite hostname="DESKTOP-OQ3P6LF" failures="0" tests="2" name="practiceTestNG.SeleniumTestsFirefox" time="0.035" errors="0" timestamp="27 Jan 2024 17:08:29 GMT" skipped="0">
  <testcase classname="practiceTestNG.SeleniumTestsFirefox" name="forwardToEmail" time="0.027"/>
  <testcase classname="practiceTestNG.SeleniumTestsFirefox" name="replyToEmail" time="0.008"/>
</testsuite> <!-- practiceTestNG.SeleniumTestsFirefox -->
