<?xml version="1.0" encoding="UTF-8"?>
<!-- Generated by org.testng.reporters.JUnitReportReporter -->
<testsuite hostname="DESKTOP-OQ3P6LF" failures="0" tests="6" name="practiceTestNG.TestNGTestsWithPriority" time="0.104" errors="0" timestamp="27 Jan 2024 17:11:09 GMT" skipped="1">
  <testcase classname="practiceTestNG.TestNGTestsWithPriority" name="loginToApplication" time="0.023"/>
  <testcase classname="practiceTestNG.TestNGTestsWithPriority" name="launchApplication" time="0.039"/>
  <testcase classname="practiceTestNG.TestNGTestsWithPriority" name="replyToAnEmail" time="0.008"/>
  <testcase classname="practiceTestNG.TestNGTestsWithPriority" name="forwardAnEmail" time="0.015"/>
  <testcase classname="practiceTestNG.TestNGTestsWithPriority" name="deleteAnEmail" time="0.019"/>
  <testcase classname="practiceTestNG.TestNGTestsWithPriority" name="composeAndSendAnEmail">
    <skipped/>
  </testcase> <!-- composeAndSendAnEmail -->
</testsuite> <!-- practiceTestNG.TestNGTestsWithPriority -->
